06-Jul-2021 07:08:14.187 INFO [localhost-startStop-1] org.apache.catalina.core.ApplicationContext.log ContextListener: contextInitialized()
06-Jul-2021 07:08:14.188 INFO [localhost-startStop-1] org.apache.catalina.core.ApplicationContext.log SessionListener: contextInitialized()
06-Jul-2021 07:08:14.189 INFO [localhost-startStop-1] org.apache.catalina.core.ApplicationContext.log ContextListener: attributeAdded('StockTicker', 'async.Stockticker@7814c80a')
06-Jul-2021 09:08:28.869 INFO [localhost-startStop-3] org.apache.catalina.core.ApplicationContext.log SessionListener: contextDestroyed()
06-Jul-2021 09:08:28.870 INFO [localhost-startStop-3] org.apache.catalina.core.ApplicationContext.log ContextListener: contextDestroyed()
06-Jul-2021 09:14:05.860 INFO [localhost-startStop-1] org.apache.catalina.core.ApplicationContext.log ContextListener: contextInitialized()
06-Jul-2021 09:14:05.861 INFO [localhost-startStop-1] org.apache.catalina.core.ApplicationContext.log SessionListener: contextInitialized()
06-Jul-2021 09:14:05.862 INFO [localhost-startStop-1] org.apache.catalina.core.ApplicationContext.log ContextListener: attributeAdded('StockTicker', 'async.Stockticker@7814c80a')
06-Jul-2021 09:36:52.485 INFO [localhost-startStop-2] org.apache.catalina.core.ApplicationContext.log SessionListener: contextDestroyed()
06-Jul-2021 09:36:52.486 INFO [localhost-startStop-2] org.apache.catalina.core.ApplicationContext.log ContextListener: contextDestroyed()
06-Jul-2021 09:40:34.526 INFO [localhost-startStop-1] org.apache.catalina.core.ApplicationContext.log ContextListener: contextInitialized()
06-Jul-2021 09:40:34.527 INFO [localhost-startStop-1] org.apache.catalina.core.ApplicationContext.log SessionListener: contextInitialized()
06-Jul-2021 09:40:34.530 INFO [localhost-startStop-1] org.apache.catalina.core.ApplicationContext.log ContextListener: attributeAdded('StockTicker', 'async.Stockticker@ac56218')
06-Jul-2021 10:40:45.403 INFO [localhost-startStop-2] org.apache.catalina.core.ApplicationContext.log SessionListener: contextDestroyed()
06-Jul-2021 10:40:45.404 INFO [localhost-startStop-2] org.apache.catalina.core.ApplicationContext.log ContextListener: contextDestroyed()
06-Jul-2021 10:45:27.915 INFO [localhost-startStop-1] org.apache.catalina.core.ApplicationContext.log ContextListener: contextInitialized()
06-Jul-2021 10:45:27.916 INFO [localhost-startStop-1] org.apache.catalina.core.ApplicationContext.log SessionListener: contextInitialized()
06-Jul-2021 10:45:27.918 INFO [localhost-startStop-1] org.apache.catalina.core.ApplicationContext.log ContextListener: attributeAdded('StockTicker', 'async.Stockticker@ac56218')
06-Jul-2021 10:56:45.861 INFO [localhost-startStop-3] org.apache.catalina.core.ApplicationContext.log No Spring WebApplicationInitializer types detected on classpath
06-Jul-2021 11:08:34.902 WARNING [localhost-startStop-4] org.apache.catalina.session.StandardSession.doWriteObject Cannot serialize session attribute [SPRING_SECURITY_CONTEXT] for session [C71C63868D29CF980F995BB9F56F66C2]
	java.io.NotSerializableException: hudson.security.HudsonPrivateSecurityRealm$Details
		at java.io.ObjectOutputStream.writeObject0(ObjectOutputStream.java:1184)
		at java.io.ObjectOutputStream.defaultWriteFields(ObjectOutputStream.java:1548)
		at java.io.ObjectOutputStream.writeSerialData(ObjectOutputStream.java:1509)
		at java.io.ObjectOutputStream.writeOrdinaryObject(ObjectOutputStream.java:1432)
		at java.io.ObjectOutputStream.writeObject0(ObjectOutputStream.java:1178)
		at java.io.ObjectOutputStream.defaultWriteFields(ObjectOutputStream.java:1548)
		at java.io.ObjectOutputStream.writeSerialData(ObjectOutputStream.java:1509)
		at java.io.ObjectOutputStream.writeOrdinaryObject(ObjectOutputStream.java:1432)
		at java.io.ObjectOutputStream.writeObject0(ObjectOutputStream.java:1178)
		at java.io.ObjectOutputStream.defaultWriteFields(ObjectOutputStream.java:1548)
		at java.io.ObjectOutputStream.writeSerialData(ObjectOutputStream.java:1509)
		at java.io.ObjectOutputStream.writeOrdinaryObject(ObjectOutputStream.java:1432)
		at java.io.ObjectOutputStream.writeObject0(ObjectOutputStream.java:1178)
		at java.io.ObjectOutputStream.writeObject(ObjectOutputStream.java:348)
		at org.apache.catalina.session.StandardSession.doWriteObject(StandardSession.java:1722)
		at org.apache.catalina.session.StandardSession.writeObjectData(StandardSession.java:1067)
		at org.apache.catalina.session.StandardManager.doUnload(StandardManager.java:317)
		at org.apache.catalina.session.StandardManager.unload(StandardManager.java:268)
		at org.apache.catalina.session.StandardManager.stopInternal(StandardManager.java:384)
		at org.apache.catalina.util.LifecycleBase.stop(LifecycleBase.java:257)
		at org.apache.catalina.core.StandardContext.stopInternal(StandardContext.java:5463)
		at org.apache.catalina.util.LifecycleBase.stop(LifecycleBase.java:257)
		at org.apache.catalina.core.ContainerBase$StopChild.call(ContainerBase.java:1445)
		at org.apache.catalina.core.ContainerBase$StopChild.call(ContainerBase.java:1434)
		at java.util.concurrent.FutureTask.run(FutureTask.java:266)
		at java.util.concurrent.ThreadPoolExecutor.runWorker(ThreadPoolExecutor.java:1149)
		at java.util.concurrent.ThreadPoolExecutor$Worker.run(ThreadPoolExecutor.java:624)
		at java.lang.Thread.run(Thread.java:748)
06-Jul-2021 11:08:35.383 INFO [localhost-startStop-4] org.apache.catalina.core.ApplicationContext.log SessionListener: contextDestroyed()
06-Jul-2021 11:08:35.387 INFO [localhost-startStop-4] org.apache.catalina.core.ApplicationContext.log ContextListener: contextDestroyed()
